#
# A fatal error has been detected by the Java Runtime Environment:
#
#  SIGSEGV (0xb) at pc=0xb6c73d08, pid=9182, tid=1847061312
#
# JRE version: Java(TM) SE Runtime Environment (7.0_45-b18) (build 1.7.0_45-b18)
# Java VM: Java HotSpot(TM) Server VM (24.45-b08 mixed mode linux-x86 )
# Problematic frame:
# V  [libjvm.so+0x483d08]  java_lang_String::utf8_length(oopDesc*)+0x58
#
# Failed to write core dump. Core dumps have been disabled. To enable core dumping, try "ulimit -c unlimited" before starting Java again
#
# If you would like to submit a bug report, please visit:
#   http://bugreport.sun.com/bugreport/crash.jsp
#

---------------  T H R E A D  ---------------

Current thread (0x6b58cc00):  JavaThread "JDWP Transport Listener: dt_socket" daemon [_thread_in_vm, id=9205, stack(0x6e12e000,0x6e17f000)]

siginfo:si_signo=SIGSEGV: si_errno=0, si_code=1 (SEGV_MAPERR), si_addr=0x00000008

Registers:
EAX=0x00000000, EBX=0xb70b3574, ECX=0x00000000, EDX=0x9de1c6b0
ESP=0x6e17dea0, EBP=0x6e17dea8, ESI=0x00000000, EDI=0x00000ffc
EIP=0xb6c73d08, EFLAGS=0x00010246, CR2=0x00000008

Top of Stack: (sp=0x6e17dea0)
0x6e17dea0:   b70b3574 6b58cc00 6e17def8 b6cbe1b8
0x6e17deb0:   9de1c6b0 6b58cd30 6e17def8 b673817b
0x6e17dec0:   6b58cd30 9de1c6b0 b66619f0 b674516c
0x6e17ded0:   6b10068c 6e17e0cc 6b58cc00 00000000
0x6e17dee0:   6b10068c 6e17e0cc 6b58cc00 b674516c
0x6e17def0:   6e17e0cc 6b58cd30 6e17df28 b6717473
0x6e17df00:   6b58cd30 6b10068c 00000000 b672d968
0x6e17df10:   00000008 00000032 6b10068c b674516c 

Instructions: (pc=0xb6c73d08)
0xb6c73ce8:   02 31 d2 85 c0 74 04 8d 54 4e 0c 56 56 50 52 e8
0xb6c73cf8:   54 90 33 00 8d 65 f8 5b 5e 5d c3 90 8d 74 26 00
0xb6c73d08:   8b 46 08 eb dc 90 66 90 55 89 e5 57 56 53 83 ec
0xb6c73d18:   1c e8 00 00 00 00 5b 81 c3 56 f8 43 00 8b 83 50 

Register to memory mapping:

EAX=0x00000000 is an unknown value
EBX=0xb70b3574: <offset 0x8c3574> in /usr/lib/jvm/java-7-oracle/jre/lib/i386/server/libjvm.so at 0xb67f0000
ECX=0x00000000 is an unknown value
EDX=0x9de1c6b0 is an oop
java.lang.String 
 - klass: 'java/lang/String'
ESP=0x6e17dea0 is pointing into the stack for thread: 0x6b58cc00
EBP=0x6e17dea8 is pointing into the stack for thread: 0x6b58cc00
ESI=0x00000000 is an unknown value
EDI=0x00000ffc is an unknown value


Stack: [0x6e12e000,0x6e17f000],  sp=0x6e17dea0,  free space=319k
Native frames: (J=compiled Java code, j=interpreted, Vv=VM code, C=native code)
V  [libjvm.so+0x483d08]  java_lang_String::utf8_length(oopDesc*)+0x58
V  [libjvm.so+0x4ce1b8]  jni_GetStringUTFChars+0xa8
C  [libjdwp.so+0x9473]  value+0x93
C  [libjdwp.so+0x12813]  debugLoop_run+0x303
C  [libjdwp.so+0x26f7f]  connectionInitiated+0xbf
C  [libjdwp.so+0x26fc0]  attachThread+0x30
V  [libjvm.so+0x57375c]  JvmtiAgentThread::call_start_function()+0x9c
V  [libjvm.so+0x7994a9]  JavaThread::thread_main_inner()+0x109
V  [libjvm.so+0x799603]  JavaThread::run()+0x123
V  [libjvm.so+0x67e0f9]  java_start(Thread*)+0x119
C  [libpthread.so.0+0x6d4c]  start_thread+0xcc


---------------  P R O C E S S  ---------------

Java Threads: ( => current thread )
  0x6b594c00 JavaThread "Service Thread" daemon [_thread_blocked, id=9215, stack(0x6ad2e000,0x6ad7f000)]
  0x6b593000 JavaThread "C2 CompilerThread1" daemon [_thread_blocked, id=9214, stack(0x6ad7f000,0x6ae00000)]
  0x6b591000 JavaThread "C2 CompilerThread0" daemon [_thread_blocked, id=9213, stack(0x6af2e000,0x6afaf000)]
  0x6b100800 JavaThread "JDWP Command Reader" daemon [_thread_in_native, id=9207, stack(0x6afaf000,0x6b000000)]
  0x6b58f400 JavaThread "JDWP Event Helper Thread" daemon [_thread_blocked, id=9206, stack(0x6b62e000,0x6b67f000)]
=>0x6b58cc00 JavaThread "JDWP Transport Listener: dt_socket" daemon [_thread_in_vm, id=9205, stack(0x6e12e000,0x6e17f000)]
  0x6b584400 JavaThread "Signal Dispatcher" daemon [_thread_blocked, id=9203, stack(0x6e32e000,0x6e37f000)]
  0x6b575000 JavaThread "Finalizer" daemon [_thread_blocked, id=9202, stack(0x6e52e000,0x6e57f000)]
  0x6b572800 JavaThread "Reference Handler" daemon [_thread_blocked, id=9201, stack(0x6e72e000,0x6e77f000)]
  0xb6608c00 JavaThread "main" [_thread_blocked, id=9184, stack(0xb6773000,0xb67c4000)]

Other Threads:
  0x6b571000 VMThread [stack: 0x6b67f000,0x6b700000] [id=9200]
  0x6b597000 WatcherThread [stack: 0x6acad000,0x6ad2e000] [id=9216]

VM state:not at safepoint (normal execution)

VM Mutex/Monitor currently owned by a thread: None

Heap
 PSYoungGen      total 19456K, used 1054K [0x9dd40000, 0x9f2c0000, 0xb32c0000)
  eden space 16896K, 6% used [0x9dd40000,0x9de47930,0x9edc0000)
  from space 2560K, 0% used [0x9f040000,0x9f040000,0x9f2c0000)
  to   space 2560K, 0% used [0x9edc0000,0x9edc0000,0x9f040000)
 ParOldGen       total 43520K, used 0K [0x732c0000, 0x75d40000, 0x9dd40000)
  object space 43520K, 0% used [0x732c0000,0x732c0000,0x75d40000)
 PSPermGen       total 16384K, used 2019K [0x6f2c0000, 0x702c0000, 0x732c0000)
  object space 16384K, 12% used [0x6f2c0000,0x6f4b8d30,0x702c0000)

Card table byte_map: [0x6f09f000,0x6f2c0000] byte_map_base: 0x6ed25a00

Polling page: 0xb76d7000

Code Cache  [0xb339f000, 0xb35df000, 0xb639f000)
 total_blobs=94 nmethods=0 adapters=71 free_code_cache=48863Kb largest_free_block=50036224

Compilation events (0 events):
No events

GC Heap History (0 events):
No events

Deoptimization events (0 events):
No events

Internal exceptions (7 events):
Event: 0,177 Thread 0xb6608c00 Threw 0x9dd4f738 at /HUDSON/workspace/7u-2-build-linux-i586/jdk7u45/229/hotspot/src/share/vm/prims/jni.cpp:3991
Event: 0,429 Thread 0xb6608c00 Threw 0x9dd85330 at /HUDSON/workspace/7u-2-build-linux-i586/jdk7u45/229/hotspot/src/share/vm/prims/jvm.cpp:1244
Event: 0,468 Thread 0xb6608c00 Threw 0x9dd8b010 at /HUDSON/workspace/7u-2-build-linux-i586/jdk7u45/229/hotspot/src/share/vm/prims/jvm.cpp:1244
Event: 0,477 Thread 0xb6608c00 Threw 0x9de07018 at /HUDSON/workspace/7u-2-build-linux-i586/jdk7u45/229/hotspot/src/share/vm/prims/jvm.cpp:1244
Event: 0,477 Thread 0xb6608c00 Threw 0x9de07130 at /HUDSON/workspace/7u-2-build-linux-i586/jdk7u45/229/hotspot/src/share/vm/prims/jvm.cpp:1244
Event: 0,477 Thread 0xb6608c00 Threw 0x9de091b8 at /HUDSON/workspace/7u-2-build-linux-i586/jdk7u45/229/hotspot/src/share/vm/prims/jvm.cpp:1244
Event: 0,477 Thread 0xb6608c00 Threw 0x9de092d0 at /HUDSON/workspace/7u-2-build-linux-i586/jdk7u45/229/hotspot/src/share/vm/prims/jvm.cpp:1244

Events (10 events):
Event: 74,199 Executing VM operation: GetCurrentLocation
Event: 74,199 Executing VM operation: GetCurrentLocation done
Event: 74,199 Executing VM operation: ChangeSingleStep
Event: 74,199 Executing VM operation: ChangeSingleStep done
Event: 74,201 Executing VM operation: ChangeSingleStep
Event: 74,201 Executing VM operation: ChangeSingleStep done
Event: 74,233 Executing VM operation: GetOrSetLocal
Event: 74,233 Executing VM operation: GetOrSetLocal done
Event: 74,250 Executing VM operation: GetOrSetLocal
Event: 74,250 Executing VM operation: GetOrSetLocal done


Dynamic libraries:
08048000-08049000 r-xp 00000000 08:01 49554076   /usr/lib/jvm/java-7-oracle/bin/java
08049000-0804a000 rw-p 00000000 08:01 49554076   /usr/lib/jvm/java-7-oracle/bin/java
0991a000-0993b000 rw-p 00000000 00:00 0          [heap]
6aa94000-6acad000 rw-p 00000000 00:00 0 
6acad000-6acae000 ---p 00000000 00:00 0 
6acae000-6ad2e000 rw-p 00000000 00:00 0          [stack:9216]
6ad2e000-6ad31000 ---p 00000000 00:00 0 
6ad31000-6ad7f000 rw-p 00000000 00:00 0          [stack:9215]
6ad7f000-6ad82000 ---p 00000000 00:00 0 
6ad82000-6ae00000 rw-p 00000000 00:00 0          [stack:9214]
6ae00000-6ae21000 rw-p 00000000 00:00 0 
6ae21000-6af00000 ---p 00000000 00:00 0 
6af2e000-6af31000 ---p 00000000 00:00 0 
6af31000-6afaf000 rw-p 00000000 00:00 0          [stack:9213]
6afaf000-6afb2000 ---p 00000000 00:00 0 
6afb2000-6b000000 rw-p 00000000 00:00 0          [stack:9207]
6b000000-6b021000 rw-p 00000000 00:00 0 
6b021000-6b100000 ---p 00000000 00:00 0 
6b100000-6b121000 rw-p 00000000 00:00 0 
6b121000-6b200000 ---p 00000000 00:00 0 
6b200000-6b221000 rw-p 00000000 00:00 0 
6b221000-6b300000 ---p 00000000 00:00 0 
6b300000-6b321000 rw-p 00000000 00:00 0 
6b321000-6b400000 ---p 00000000 00:00 0 
6b400000-6b421000 rw-p 00000000 00:00 0 
6b421000-6b500000 ---p 00000000 00:00 0 
6b500000-6b5c3000 rw-p 00000000 00:00 0 
6b5c3000-6b600000 ---p 00000000 00:00 0 
6b62e000-6b631000 ---p 00000000 00:00 0 
6b631000-6b67f000 rw-p 00000000 00:00 0          [stack:9206]
6b67f000-6b680000 ---p 00000000 00:00 0 
6b680000-6b700000 rw-p 00000000 00:00 0          [stack:9200]
6b700000-6b7f9000 rw-p 00000000 00:00 0 
6b7f9000-6b800000 ---p 00000000 00:00 0 
6b804000-6b9c0000 r--s 039b2000 08:01 50990118   /usr/lib/jvm/java-7-oracle/jre/lib/rt.jar
6b9c0000-6e000000 rw-p 00000000 00:00 0 
6e000000-6e021000 rw-p 00000000 00:00 0 
6e021000-6e100000 ---p 00000000 00:00 0 
6e12e000-6e131000 ---p 00000000 00:00 0 
6e131000-6e17f000 rw-p 00000000 00:00 0          [stack:9205]
6e17f000-6e180000 ---p 00000000 00:00 0 
6e180000-6e200000 rw-p 00000000 00:00 0          [stack:9199]
6e200000-6e221000 rw-p 00000000 00:00 0 
6e221000-6e300000 ---p 00000000 00:00 0 
6e32e000-6e331000 ---p 00000000 00:00 0 
6e331000-6e37f000 rw-p 00000000 00:00 0          [stack:9203]
6e37f000-6e380000 ---p 00000000 00:00 0 
6e380000-6e400000 rw-p 00000000 00:00 0          [stack:9198]
6e400000-6e421000 rw-p 00000000 00:00 0 
6e421000-6e500000 ---p 00000000 00:00 0 
6e52e000-6e531000 ---p 00000000 00:00 0 
6e531000-6e57f000 rw-p 00000000 00:00 0          [stack:9202]
6e57f000-6e580000 ---p 00000000 00:00 0 
6e580000-6e600000 rw-p 00000000 00:00 0          [stack:9197]
6e600000-6e621000 rw-p 00000000 00:00 0 
6e621000-6e700000 ---p 00000000 00:00 0 
6e72e000-6e731000 ---p 00000000 00:00 0 
6e731000-6e77f000 rw-p 00000000 00:00 0          [stack:9201]
6e77f000-6e780000 ---p 00000000 00:00 0 
6e780000-6e800000 rw-p 00000000 00:00 0          [stack:9196]
6e800000-6e821000 rw-p 00000000 00:00 0 
6e821000-6e900000 ---p 00000000 00:00 0 
6e934000-6e97f000 rw-p 00000000 00:00 0 
6e97f000-6e980000 ---p 00000000 00:00 0 
6e980000-6ea00000 rw-p 00000000 00:00 0          [stack:9195]
6ea00000-6ea21000 rw-p 00000000 00:00 0 
6ea21000-6eb00000 ---p 00000000 00:00 0 
6eb00000-6eb21000 rw-p 00000000 00:00 0 
6eb21000-6ec00000 ---p 00000000 00:00 0 
6ec24000-6ec7f000 rw-p 00000000 00:00 0 
6ec7f000-6ec80000 ---p 00000000 00:00 0 
6ec80000-6ed00000 rw-p 00000000 00:00 0          [stack:9194]
6ed00000-6ed21000 rw-p 00000000 00:00 0 
6ed21000-6ee00000 ---p 00000000 00:00 0 
6ee27000-6ee28000 ---p 00000000 00:00 0 
6ee28000-6eea8000 rw-p 00000000 00:00 0          [stack:9193]
6eea8000-6eea9000 ---p 00000000 00:00 0 
6eea9000-6ef31000 rw-p 00000000 00:00 0          [stack:9192]
6ef31000-6ef49000 rw-p 00000000 00:00 0 
6ef49000-6ef5f000 rw-p 00000000 00:00 0 
6ef5f000-6f09f000 rw-p 00000000 00:00 0 
6f09f000-6f0a7000 rw-p 00000000 00:00 0 
6f0a7000-6f0bf000 rw-p 00000000 00:00 0 
6f0bf000-6f0d5000 rw-p 00000000 00:00 0 
6f0d5000-6f214000 rw-p 00000000 00:00 0 
6f214000-6f21f000 rw-p 00000000 00:00 0 
6f21f000-6f2bf000 rw-p 00000000 00:00 0 
6f2bf000-702c0000 rw-p 00000000 00:00 0 
702c0000-732c0000 rw-p 00000000 00:00 0 
732c0000-75d40000 rw-p 00000000 00:00 0 
75d40000-9dd40000 rw-p 00000000 00:00 0 
9dd40000-9f2c0000 rw-p 00000000 00:00 0 
9f2c0000-b32c0000 rw-p 00000000 00:00 0 
b32c5000-b32e8000 rw-p 00000000 00:00 0 
b32e8000-b339f000 rw-p 00000000 00:00 0 
b339f000-b35df000 rwxp 00000000 00:00 0 
b35df000-b639f000 rw-p 00000000 00:00 0 
b639f000-b63b6000 r-xp 00000000 08:01 51128194   /usr/lib/jvm/java-7-oracle/jre/lib/i386/libzip.so
b63b6000-b63b7000 rw-p 00017000 08:01 51128194   /usr/lib/jvm/java-7-oracle/jre/lib/i386/libzip.so
b63b7000-b63c2000 r-xp 00000000 08:01 45617646   /lib/i386-linux-gnu/libnss_files-2.15.so
b63c2000-b63c3000 r--p 0000a000 08:01 45617646   /lib/i386-linux-gnu/libnss_files-2.15.so
b63c3000-b63c4000 rw-p 0000b000 08:01 45617646   /lib/i386-linux-gnu/libnss_files-2.15.so
b63c4000-b63ce000 r-xp 00000000 08:01 45617645   /lib/i386-linux-gnu/libnss_nis-2.15.so
b63ce000-b63cf000 r--p 00009000 08:01 45617645   /lib/i386-linux-gnu/libnss_nis-2.15.so
b63cf000-b63d0000 rw-p 0000a000 08:01 45617645   /lib/i386-linux-gnu/libnss_nis-2.15.so
b63d0000-b63e6000 r-xp 00000000 08:01 45617632   /lib/i386-linux-gnu/libnsl-2.15.so
b63e6000-b63e7000 r--p 00015000 08:01 45617632   /lib/i386-linux-gnu/libnsl-2.15.so
b63e7000-b63e8000 rw-p 00016000 08:01 45617632   /lib/i386-linux-gnu/libnsl-2.15.so
b63e8000-b63ea000 rw-p 00000000 00:00 0 
b63f1000-b63f8000 r--s 00000000 08:01 49554397   /usr/lib/i386-linux-gnu/gconv/gconv-modules.cache
b63f8000-b6400000 rw-s 00000000 08:01 33294572   /tmp/hsperfdata_labs/9182
b6400000-b6600000 r--p 00000000 08:01 49552376   /usr/lib/locale/locale-archive
b6600000-b66f4000 rw-p 00000000 00:00 0 
b66f4000-b6700000 ---p 00000000 00:00 0 
b6703000-b6705000 rw-p 00000000 00:00 0 
b6705000-b670c000 r-xp 00000000 08:01 45617647   /lib/i386-linux-gnu/libnss_compat-2.15.so
b670c000-b670d000 r--p 00006000 08:01 45617647   /lib/i386-linux-gnu/libnss_compat-2.15.so
b670d000-b670e000 rw-p 00007000 08:01 45617647   /lib/i386-linux-gnu/libnss_compat-2.15.so
b670e000-b6745000 r-xp 00000000 08:01 51128204   /usr/lib/jvm/java-7-oracle/jre/lib/i386/libjdwp.so
b6745000-b6746000 rw-p 00037000 08:01 51128204   /usr/lib/jvm/java-7-oracle/jre/lib/i386/libjdwp.so
b6746000-b6769000 r-xp 00000000 08:01 51128195   /usr/lib/jvm/java-7-oracle/jre/lib/i386/libjava.so
b6769000-b676a000 rw-p 00022000 08:01 51128195   /usr/lib/jvm/java-7-oracle/jre/lib/i386/libjava.so
b676a000-b6771000 r-xp 00000000 08:01 45617640   /lib/i386-linux-gnu/librt-2.15.so
b6771000-b6772000 r--p 00006000 08:01 45617640   /lib/i386-linux-gnu/librt-2.15.so
b6772000-b6773000 rw-p 00007000 08:01 45617640   /lib/i386-linux-gnu/librt-2.15.so
b6773000-b6776000 ---p 00000000 00:00 0 
b6776000-b67c4000 rw-p 00000000 00:00 0          [stack:9184]
b67c4000-b67ee000 r-xp 00000000 08:01 45617644   /lib/i386-linux-gnu/libm-2.15.so
b67ee000-b67ef000 r--p 00029000 08:01 45617644   /lib/i386-linux-gnu/libm-2.15.so
b67ef000-b67f0000 rw-p 0002a000 08:01 45617644   /lib/i386-linux-gnu/libm-2.15.so
b67f0000-b7067000 r-xp 00000000 08:01 51386117   /usr/lib/jvm/java-7-oracle/jre/lib/i386/server/libjvm.so
b7067000-b70cc000 rw-p 00876000 08:01 51386117   /usr/lib/jvm/java-7-oracle/jre/lib/i386/server/libjvm.so
b70cc000-b74ef000 rw-p 00000000 00:00 0 
b74ef000-b7693000 r-xp 00000000 08:01 45617649   /lib/i386-linux-gnu/libc-2.15.so
b7693000-b7695000 r--p 001a4000 08:01 45617649   /lib/i386-linux-gnu/libc-2.15.so
b7695000-b7696000 rw-p 001a6000 08:01 45617649   /lib/i386-linux-gnu/libc-2.15.so
b7696000-b7699000 rw-p 00000000 00:00 0 
b7699000-b769c000 r-xp 00000000 08:01 45617648   /lib/i386-linux-gnu/libdl-2.15.so
b769c000-b769d000 r--p 00002000 08:01 45617648   /lib/i386-linux-gnu/libdl-2.15.so
b769d000-b769e000 rw-p 00003000 08:01 45617648   /lib/i386-linux-gnu/libdl-2.15.so
b769e000-b76b1000 r-xp 00000000 08:01 49555941   /usr/lib/jvm/java-7-oracle/lib/i386/jli/libjli.so
b76b1000-b76b2000 rw-p 00012000 08:01 49555941   /usr/lib/jvm/java-7-oracle/lib/i386/jli/libjli.so
b76b2000-b76b3000 rw-p 00000000 00:00 0 
b76b3000-b76ca000 r-xp 00000000 08:01 45617638   /lib/i386-linux-gnu/libpthread-2.15.so
b76ca000-b76cb000 r--p 00016000 08:01 45617638   /lib/i386-linux-gnu/libpthread-2.15.so
b76cb000-b76cc000 rw-p 00017000 08:01 45617638   /lib/i386-linux-gnu/libpthread-2.15.so
b76cc000-b76cf000 rw-p 00000000 00:00 0 
b76cf000-b76d2000 r-xp 00000000 08:01 51122558   /usr/lib/jvm/java-7-oracle/jre/lib/i386/libdt_socket.so
b76d2000-b76d3000 rw-p 00003000 08:01 51122558   /usr/lib/jvm/java-7-oracle/jre/lib/i386/libdt_socket.so
b76d3000-b76d5000 r-xp 00000000 08:01 51128211   /usr/lib/jvm/java-7-oracle/jre/lib/i386/libnpt.so
b76d5000-b76d6000 rw-p 00002000 08:01 51128211   /usr/lib/jvm/java-7-oracle/jre/lib/i386/libnpt.so
b76d6000-b76d7000 rw-p 00000000 00:00 0 
b76d7000-b76d8000 r--p 00000000 00:00 0 
b76d8000-b76e3000 r-xp 00000000 08:01 51128189   /usr/lib/jvm/java-7-oracle/jre/lib/i386/libverify.so
b76e3000-b76e4000 rw-p 0000b000 08:01 51128189   /usr/lib/jvm/java-7-oracle/jre/lib/i386/libverify.so
b76e4000-b76e6000 rw-p 00000000 00:00 0 
b76e6000-b76e7000 r-xp 00000000 00:00 0          [vdso]
b76e7000-b7707000 r-xp 00000000 08:01 45617639   /lib/i386-linux-gnu/ld-2.15.so
b7707000-b7708000 r--p 0001f000 08:01 45617639   /lib/i386-linux-gnu/ld-2.15.so
b7708000-b7709000 rw-p 00020000 08:01 45617639   /lib/i386-linux-gnu/ld-2.15.so
bffd5000-bfff6000 rw-p 00000000 00:00 0          [stack]

VM Arguments:
jvm_args: -agentlib:jdwp=transport=dt_socket,suspend=y,address=localhost:43609 -Dfile.encoding=UTF-8 
java_command: main.Teste
Launcher Type: SUN_STANDARD

Environment Variables:
PATH=/usr/lib/lightdm/lightdm:/usr/local/sbin:/usr/local/bin:/usr/sbin:/usr/bin:/sbin:/bin:/usr/games
LD_LIBRARY_PATH=/usr/lib/jvm/java-7-oracle/jre/lib/i386/server:/usr/lib/jvm/java-7-oracle/jre/lib/i386:/usr/lib/jvm/java-7-oracle/jre/../lib/i386:/usr/lib/jvm/java-7-oracle/jre/lib/i386/client:/usr/lib/jvm/java-7-oracle/jre/lib/i386:
SHELL=/bin/bash
DISPLAY=:0.0

Signal Handlers:
SIGSEGV: [libjvm.so+0x7dd350], sa_mask[0]=0x7ffbfeff, sa_flags=0x10000004
SIGBUS: [libjvm.so+0x7dd350], sa_mask[0]=0x7ffbfeff, sa_flags=0x10000004
SIGFPE: [libjvm.so+0x678b60], sa_mask[0]=0x7ffbfeff, sa_flags=0x10000004
SIGPIPE: [libjvm.so+0x678b60], sa_mask[0]=0x7ffbfeff, sa_flags=0x10000004
SIGXFSZ: [libjvm.so+0x678b60], sa_mask[0]=0x7ffbfeff, sa_flags=0x10000004
SIGILL: [libjvm.so+0x678b60], sa_mask[0]=0x7ffbfeff, sa_flags=0x10000004
SIGUSR1: SIG_DFL, sa_mask[0]=0x00000000, sa_flags=0x00000000
SIGUSR2: [libjvm.so+0x67a050], sa_mask[0]=0x00000004, sa_flags=0x10000004
SIGHUP: [libjvm.so+0x67b1a0], sa_mask[0]=0x7ffbfeff, sa_flags=0x10000004
SIGINT: [libjvm.so+0x67b1a0], sa_mask[0]=0x7ffbfeff, sa_flags=0x10000004
SIGTERM: [libjvm.so+0x67b1a0], sa_mask[0]=0x7ffbfeff, sa_flags=0x10000004
SIGQUIT: [libjvm.so+0x67b1a0], sa_mask[0]=0x7ffbfeff, sa_flags=0x10000004


---------------  S Y S T E M  ---------------

OS:wheezy/sid

uname:Linux 3.8.0-34-generic #49~precise1-Ubuntu SMP Wed Nov 13 18:08:04 UTC 2013 i686
libc:glibc 2.15 NPTL 2.15 
rlimit: STACK 8192k, CORE 0k, NPROC 128772, NOFILE 4096, AS infinity
load average:0,40 0,52 0,54

/proc/meminfo:
MemTotal:       16499344 kB
MemFree:        13959576 kB
Buffers:          250408 kB
Cached:          1388204 kB
SwapCached:            0 kB
Active:          1089092 kB
Inactive:        1270780 kB
Active(anon):     724416 kB
Inactive(anon):   591648 kB
Active(file):     364676 kB
Inactive(file):   679132 kB
Unevictable:          16 kB
Mlocked:              16 kB
HighTotal:      15772412 kB
HighFree:       13638868 kB
LowTotal:         726932 kB
LowFree:          320708 kB
SwapTotal:      16684028 kB
SwapFree:       16684028 kB
Dirty:                68 kB
Writeback:             0 kB
AnonPages:        721268 kB
Mapped:           202184 kB
Shmem:            594688 kB
Slab:             123412 kB
SReclaimable:      98248 kB
SUnreclaim:        25164 kB
KernelStack:        4536 kB
PageTables:        11952 kB
NFS_Unstable:          0 kB
Bounce:                0 kB
WritebackTmp:          0 kB
CommitLimit:    24933700 kB
Committed_AS:    4183736 kB
VmallocTotal:     122880 kB
VmallocUsed:       24452 kB
VmallocChunk:      95772 kB
HardwareCorrupted:     0 kB
AnonHugePages:         0 kB
HugePages_Total:       0
HugePages_Free:        0
HugePages_Rsvd:        0
HugePages_Surp:        0
Hugepagesize:       2048 kB
DirectMap4k:       10232 kB
DirectMap2M:      903168 kB


CPU:total 8 (4 cores per cpu, 2 threads per core) family 6 model 42 stepping 7, cmov, cx8, fxsr, mmx, sse, sse2, sse3, ssse3, sse4.1, sse4.2, popcnt, avx, aes, ht, tsc, tscinvbit

/proc/cpuinfo:
processor	: 0
vendor_id	: GenuineIntel
cpu family	: 6
model		: 42
model name	: Intel(R) Core(TM) i7-2630QM CPU @ 2.00GHz
stepping	: 7
microcode	: 0x1a
cpu MHz		: 900.000
cache size	: 6144 KB
physical id	: 0
siblings	: 8
core id		: 0
cpu cores	: 4
apicid		: 0
initial apicid	: 0
fdiv_bug	: no
hlt_bug		: no
f00f_bug	: no
coma_bug	: no
fpu		: yes
fpu_exception	: yes
cpuid level	: 13
wp		: yes
flags		: fpu vme de pse tsc msr pae mce cx8 apic sep mtrr pge mca cmov pat pse36 clflush dts acpi mmx fxsr sse sse2 ss ht tm pbe nx rdtscp lm constant_tsc arch_perfmon pebs bts xtopology nonstop_tsc aperfmperf eagerfpu pni pclmulqdq dtes64 monitor ds_cpl vmx est tm2 ssse3 cx16 xtpr pdcm pcid sse4_1 sse4_2 x2apic popcnt tsc_deadline_timer aes xsave avx lahf_lm ida arat epb xsaveopt pln pts dtherm tpr_shadow vnmi flexpriority ept vpid
bogomips	: 3990.71
clflush size	: 64
cache_alignment	: 64
address sizes	: 36 bits physical, 48 bits virtual
power management:

processor	: 1
vendor_id	: GenuineIntel
cpu family	: 6
model		: 42
model name	: Intel(R) Core(TM) i7-2630QM CPU @ 2.00GHz
stepping	: 7
microcode	: 0x1a
cpu MHz		: 800.000
cache size	: 6144 KB
physical id	: 0
siblings	: 8
core id		: 0
cpu cores	: 4
apicid		: 1
initial apicid	: 1
fdiv_bug	: no
hlt_bug		: no
f00f_bug	: no
coma_bug	: no
fpu		: yes
fpu_exception	: yes
cpuid level	: 13
wp		: yes
flags		: fpu vme de pse tsc msr pae mce cx8 apic sep mtrr pge mca cmov pat pse36 clflush dts acpi mmx fxsr sse sse2 ss ht tm pbe nx rdtscp lm constant_tsc arch_perfmon pebs bts xtopology nonstop_tsc aperfmperf eagerfpu pni pclmulqdq dtes64 monitor ds_cpl vmx est tm2 ssse3 cx16 xtpr pdcm pcid sse4_1 sse4_2 x2apic popcnt tsc_deadline_timer aes xsave avx lahf_lm ida arat epb xsaveopt pln pts dtherm tpr_shadow vnmi flexpriority ept vpid
bogomips	: 3990.71
clflush size	: 64
cache_alignment	: 64
address sizes	: 36 bits physical, 48 bits virtual
power management:

processor	: 2
vendor_id	: GenuineIntel
cpu family	: 6
model		: 42
model name	: Intel(R) Core(TM) i7-2630QM CPU @ 2.00GHz
stepping	: 7
microcode	: 0x1a
cpu MHz		: 2001.000
cache size	: 6144 KB
physical id	: 0
siblings	: 8
core id		: 1
cpu cores	: 4
apicid		: 2
initial apicid	: 2
fdiv_bug	: no
hlt_bug		: no
f00f_bug	: no
coma_bug	: no
fpu		: yes
fpu_exception	: yes
cpuid level	: 13
wp		: yes
flags		: fpu vme de pse tsc msr pae mce cx8 apic sep mtrr pge mca cmov pat pse36 clflush dts acpi mmx fxsr sse sse2 ss ht tm pbe nx rdtscp lm constant_tsc arch_perfmon pebs bts xtopology nonstop_tsc aperfmperf eagerfpu pni pclmulqdq dtes64 monitor ds_cpl vmx est tm2 ssse3 cx16 xtpr pdcm pcid sse4_1 sse4_2 x2apic popcnt tsc_deadline_timer aes xsave avx lahf_lm ida arat epb xsaveopt pln pts dtherm tpr_shadow vnmi flexpriority ept vpid
bogomips	: 3990.71
clflush size	: 64
cache_alignment	: 64
address sizes	: 36 bits physical, 48 bits virtual
power management:

processor	: 3
vendor_id	: GenuineIntel
cpu family	: 6
model		: 42
model name	: Intel(R) Core(TM) i7-2630QM CPU @ 2.00GHz
stepping	: 7
microcode	: 0x1a
cpu MHz		: 800.000
cache size	: 6144 KB
physical id	: 0
siblings	: 8
core id		: 1
cpu cores	: 4
apicid		: 3
initial apicid	: 3
fdiv_bug	: no
hlt_bug		: no
f00f_bug	: no
coma_bug	: no
fpu		: yes
fpu_exception	: yes
cpuid level	: 13
wp		: yes
flags		: fpu vme de pse tsc msr pae mce cx8 apic sep mtrr pge mca cmov pat pse36 clflush dts acpi mmx fxsr sse sse2 ss ht tm pbe nx rdtscp lm constant_tsc arch_perfmon pebs bts xtopology nonstop_tsc aperfmperf eagerfpu pni pclmulqdq dtes64 monitor ds_cpl vmx est tm2 ssse3 cx16 xtpr pdcm pcid sse4_1 sse4_2 x2apic popcnt tsc_deadline_timer aes xsave avx lahf_lm ida arat epb xsaveopt pln pts dtherm tpr_shadow vnmi flexpriority ept vpid
bogomips	: 3990.71
clflush size	: 64
cache_alignment	: 64
address sizes	: 36 bits physical, 48 bits virtual
power management:

processor	: 4
vendor_id	: GenuineIntel
cpu family	: 6
model		: 42
model name	: Intel(R) Core(TM) i7-2630QM CPU @ 2.00GHz
stepping	: 7
microcode	: 0x1a
cpu MHz		: 1200.000
cache size	: 6144 KB
physical id	: 0
siblings	: 8
core id		: 2
cpu cores	: 4
apicid		: 4
initial apicid	: 4
fdiv_bug	: no
hlt_bug		: no
f00f_bug	: no
coma_bug	: no
fpu		: yes
fpu_exception	: yes
cpuid level	: 13
wp		: yes
flags		: fpu vme de pse tsc msr pae mce cx8 apic sep mtrr pge mca cmov pat pse36 clflush dts acpi mmx fxsr sse sse2 ss ht tm pbe nx rdtscp lm constant_tsc arch_perfmon pebs bts xtopology nonstop_tsc aperfmperf eagerfpu pni pclmulqdq dtes64 monitor ds_cpl vmx est tm2 ssse3 cx16 xtpr pdcm pcid sse4_1 sse4_2 x2apic popcnt tsc_deadline_timer aes xsave avx lahf_lm ida arat epb xsaveopt pln pts dtherm tpr_shadow vnmi flexpriority ept vpid
bogomips	: 3990.71
clflush size	: 64
cache_alignment	: 64
address sizes	: 36 bits physical, 48 bits virtual
power management:

processor	: 5
vendor_id	: GenuineIntel
cpu family	: 6
model		: 42
model name	: Intel(R) Core(TM) i7-2630QM CPU @ 2.00GHz
stepping	: 7
microcode	: 0x1a
cpu MHz		: 800.000
cache size	: 6144 KB
physical id	: 0
siblings	: 8
core id		: 2
cpu cores	: 4
apicid		: 5
initial apicid	: 5
fdiv_bug	: no
hlt_bug		: no
f00f_bug	: no
coma_bug	: no
fpu		: yes
fpu_exception	: yes
cpuid level	: 13
wp		: yes
flags		: fpu vme de pse tsc msr pae mce cx8 apic sep mtrr pge mca cmov pat pse36 clflush dts acpi mmx fxsr sse sse2 ss ht tm pbe nx rdtscp lm constant_tsc arch_perfmon pebs bts xtopology nonstop_tsc aperfmperf eagerfpu pni pclmulqdq dtes64 monitor ds_cpl vmx est tm2 ssse3 cx16 xtpr pdcm pcid sse4_1 sse4_2 x2apic popcnt tsc_deadline_timer aes xsave avx lahf_lm ida arat epb xsaveopt pln pts dtherm tpr_shadow vnmi flexpriority ept vpid
bogomips	: 3990.71
clflush size	: 64
cache_alignment	: 64
address sizes	: 36 bits physical, 48 bits virtual
power management:

processor	: 6
vendor_id	: GenuineIntel
cpu family	: 6
model		: 42
model name	: Intel(R) Core(TM) i7-2630QM CPU @ 2.00GHz
stepping	: 7
microcode	: 0x1a
cpu MHz		: 2001.000
cache size	: 6144 KB
physical id	: 0
siblings	: 8
core id		: 3
cpu cores	: 4
apicid		: 6
initial apicid	: 6
fdiv_bug	: no
hlt_bug		: no
f00f_bug	: no
coma_bug	: no
fpu		: yes
fpu_exception	: yes
cpuid level	: 13
wp		: yes
flags		: fpu vme de pse tsc msr pae mce cx8 apic sep mtrr pge mca cmov pat pse36 clflush dts acpi mmx fxsr sse sse2 ss ht tm pbe nx rdtscp lm constant_tsc arch_perfmon pebs bts xtopology nonstop_tsc aperfmperf eagerfpu pni pclmulqdq dtes64 monitor ds_cpl vmx est tm2 ssse3 cx16 xtpr pdcm pcid sse4_1 sse4_2 x2apic popcnt tsc_deadline_timer aes xsave avx lahf_lm ida arat epb xsaveopt pln pts dtherm tpr_shadow vnmi flexpriority ept vpid
bogomips	: 3990.71
clflush size	: 64
cache_alignment	: 64
address sizes	: 36 bits physical, 48 bits virtual
power management:

processor	: 7
vendor_id	: GenuineIntel
cpu family	: 6
model		: 42
model name	: Intel(R) Core(TM) i7-2630QM CPU @ 2.00GHz
stepping	: 7
microcode	: 0x1a
cpu MHz		: 800.000
cache size	: 6144 KB
physical id	: 0
siblings	: 8
core id		: 3
cpu cores	: 4
apicid		: 7
initial apicid	: 7
fdiv_bug	: no
hlt_bug		: no
f00f_bug	: no
coma_bug	: no
fpu		: yes
fpu_exception	: yes
cpuid level	: 13
wp		: yes
flags		: fpu vme de pse tsc msr pae mce cx8 apic sep mtrr pge mca cmov pat pse36 clflush dts acpi mmx fxsr sse sse2 ss ht tm pbe nx rdtscp lm constant_tsc arch_perfmon pebs bts xtopology nonstop_tsc aperfmperf eagerfpu pni pclmulqdq dtes64 monitor ds_cpl vmx est tm2 ssse3 cx16 xtpr pdcm pcid sse4_1 sse4_2 x2apic popcnt tsc_deadline_timer aes xsave avx lahf_lm ida arat epb xsaveopt pln pts dtherm tpr_shadow vnmi flexpriority ept vpid
bogomips	: 3990.71
clflush size	: 64
cache_alignment	: 64
address sizes	: 36 bits physical, 48 bits virtual
power management:



Memory: 4k page, physical 16499344k(13959576k free), swap 16684028k(16684028k free)

vm_info: Java HotSpot(TM) Server VM (24.45-b08) for linux-x86 JRE (1.7.0_45-b18), built on Oct  8 2013 05:44:51 by "java_re" with gcc 4.3.0 20080428 (Red Hat 4.3.0-8)

time: Thu Jan  9 09:30:29 2014
elapsed time: 74 seconds

