---geraPopulacaoInicial	09:31:25
---saindo geraPopulacaoInicial	09:31:25
---avaliaPopulacao	09:31:25
------geraIneditismo	09:31:29
------saindo geraIneditismo	09:31:30
---------geraIneditismoPopulacao	09:31:30
---------saindo geraIneditismoPopulacao	09:31:30
------geraFitness	09:31:30
------saindo geraFitness	09:31:30
---saindo avaliaPopulacao	09:31:30
------evolucaoFitness	09:31:30
------saindo evolucaoFitness	09:31:30
------evolucaoIneditismo	09:31:30
------saindo evolucaoIneditismo	09:31:30
---saindo EvoluiPopulacao	09:31:30
---avaliaPopulacao	09:31:30
------geraIneditismo	09:31:34
------saindo geraIneditismo	09:31:34
---------geraIneditismoPopulacao	09:31:34
---------saindo geraIneditismoPopulacao	09:31:34
------geraFitness	09:31:34
------saindo geraFitness	09:31:34
---saindo avaliaPopulacao	09:31:34
