---geraPopulacaoInicial	17:06:14
---saindo geraPopulacaoInicial	17:06:14
---avaliaPopulacao	17:06:14
---saindo avaliaPopulacao	17:06:29
------geraFitness	17:06:29
------saindo geraFitness	17:06:29
------evolucaoFitness	17:06:29
------saindo evolucaoFitness	17:06:29
---saindo EvoluiPopulacao	17:06:29
---avaliaPopulacao	17:06:29
---saindo avaliaPopulacao	17:06:41
------geraFitness	17:06:41
------saindo geraFitness	17:06:41
------evolucaoFitness	17:06:41
------saindo evolucaoFitness	17:06:41
---saindo EvoluiPopulacao	17:06:41
---avaliaPopulacao	17:06:41
---saindo avaliaPopulacao	17:06:57
------geraFitness	17:06:57
------saindo geraFitness	17:06:57
------evolucaoFitness	17:06:57
------saindo evolucaoFitness	17:06:57
---saindo EvoluiPopulacao	17:06:57
---avaliaPopulacao	17:06:57
---saindo avaliaPopulacao	17:07:14
------geraFitness	17:07:14
------saindo geraFitness	17:07:14
------evolucaoFitness	17:07:14
------saindo evolucaoFitness	17:07:14
---saindo EvoluiPopulacao	17:07:14
---avaliaPopulacao	17:07:14
---saindo avaliaPopulacao	17:07:34
------geraFitness	17:07:34
------saindo geraFitness	17:07:34
------evolucaoFitness	17:07:34
------saindo evolucaoFitness	17:07:34
---saindo EvoluiPopulacao	17:07:34
---avaliaPopulacao	17:07:34
---saindo avaliaPopulacao	17:07:53
------geraFitness	17:07:53
------saindo geraFitness	17:07:53
------evolucaoFitness	17:07:53
------saindo evolucaoFitness	17:07:53
---saindo EvoluiPopulacao	17:07:53
---avaliaPopulacao	17:07:53
---saindo avaliaPopulacao	17:08:14
------geraFitness	17:08:14
------saindo geraFitness	17:08:14
------evolucaoFitness	17:08:14
------saindo evolucaoFitness	17:08:14
---saindo EvoluiPopulacao	17:08:14
---avaliaPopulacao	17:08:14
---saindo avaliaPopulacao	17:08:31
------geraFitness	17:08:31
------saindo geraFitness	17:08:32
------evolucaoFitness	17:08:32
------saindo evolucaoFitness	17:08:32
---saindo EvoluiPopulacao	17:08:32
---avaliaPopulacao	17:08:32
---saindo avaliaPopulacao	17:08:51
------geraFitness	17:08:51
------saindo geraFitness	17:08:51
------evolucaoFitness	17:08:51
------saindo evolucaoFitness	17:08:51
---saindo EvoluiPopulacao	17:08:51
---avaliaPopulacao	17:08:51
---saindo avaliaPopulacao	17:09:08
------geraFitness	17:09:08
------saindo geraFitness	17:09:08
------evolucaoFitness	17:09:08
------saindo evolucaoFitness	17:09:08
---saindo EvoluiPopulacao	17:09:08
---avaliaPopulacao	17:09:08
---saindo avaliaPopulacao	17:09:23
------geraFitness	17:09:23
------saindo geraFitness	17:09:23
