---geraPopulacaoInicial	11:35:12
---saindo geraPopulacaoInicial	11:35:12
---avaliaPopulacao	11:35:12
---saindo avaliaPopulacao	11:37:00
------geraFitness	11:37:00
------saindo geraFitness	11:37:00
------evolucaoFitness	11:37:01
------saindo evolucaoFitness	11:37:01
---saindo EvoluiPopulacao	11:37:01
---avaliaPopulacao	11:37:01
---saindo avaliaPopulacao	11:38:52
------geraFitness	11:38:52
------saindo geraFitness	11:38:52
------evolucaoFitness	11:38:52
------saindo evolucaoFitness	11:38:52
---saindo EvoluiPopulacao	11:38:52
---avaliaPopulacao	11:38:52
---saindo avaliaPopulacao	11:41:28
------geraFitness	11:41:28
------saindo geraFitness	11:41:28
------evolucaoFitness	11:41:28
------saindo evolucaoFitness	11:41:28
---saindo EvoluiPopulacao	11:41:28
---avaliaPopulacao	11:41:28
---saindo avaliaPopulacao	11:42:26
------geraFitness	11:42:26
------saindo geraFitness	11:42:26
------evolucaoFitness	11:42:27
------saindo evolucaoFitness	11:42:27
---saindo EvoluiPopulacao	11:42:27
---avaliaPopulacao	11:42:27
---saindo avaliaPopulacao	11:44:11
------geraFitness	11:44:11
------saindo geraFitness	11:44:11
------evolucaoFitness	11:44:11
------saindo evolucaoFitness	11:44:11
---saindo EvoluiPopulacao	11:44:11
---avaliaPopulacao	11:44:11
---saindo avaliaPopulacao	11:46:30
------geraFitness	11:46:30
------saindo geraFitness	11:46:30
------evolucaoFitness	11:46:30
------saindo evolucaoFitness	11:46:30
---saindo EvoluiPopulacao	11:46:30
---avaliaPopulacao	11:46:30
---saindo avaliaPopulacao	11:49:30
------geraFitness	11:49:30
------saindo geraFitness	11:49:30
------evolucaoFitness	11:49:30
------saindo evolucaoFitness	11:49:31
---saindo EvoluiPopulacao	11:49:31
---avaliaPopulacao	11:49:31
---saindo avaliaPopulacao	11:53:59
------geraFitness	11:53:59
------saindo geraFitness	11:53:59
------evolucaoFitness	11:53:59
------saindo evolucaoFitness	11:53:59
---saindo EvoluiPopulacao	11:53:59
---avaliaPopulacao	11:53:59
---saindo avaliaPopulacao	11:56:28
------geraFitness	11:56:28
------saindo geraFitness	11:56:29
------evolucaoFitness	11:56:29
------saindo evolucaoFitness	11:56:29
---saindo EvoluiPopulacao	11:56:29
---avaliaPopulacao	11:56:29
---saindo avaliaPopulacao	11:58:14
------geraFitness	11:58:14
------saindo geraFitness	11:58:14
------evolucaoFitness	11:58:14
------saindo evolucaoFitness	11:58:14
---saindo EvoluiPopulacao	11:58:14
---avaliaPopulacao	11:58:14
---saindo avaliaPopulacao	12:03:20
------geraFitness	12:03:20
------saindo geraFitness	12:03:20
